<?xml version="1.0" encoding="utf-8"?>
<testsuite errors="0" failures="0" name="unittest.suite.TestSuite" tests="1" time="13.037"><testcase classname="rostest.runner.RosTest" name="testdarknet_ros_object_detection" time="13.0373" /><system-out>&lt;![CDATA[
[ROSTEST]setup[/home/ringo/selfDrive_ws/src/darknet_ros/darknet_ros/test/object_detection.test] run_id[73af8aee-55ef-11ea-bbee-309c238d1221] starting
&amp;#x001B;[1mstarted roslaunch server http://RinGO-msi:38721/&amp;#x001B;[0m

SUMMARY
========

PARAMETERS
 * /darknet_ros/actions/camera_reading/name: /darknet_ros/chec...
 * /darknet_ros/config_path: /home/ringo/selfD...
 * /darknet_ros/image_view/enable_console_output: True
 * /darknet_ros/image_view/enable_opencv: True
 * /darknet_ros/image_view/wait_key_delay: 600
 * /darknet_ros/publishers/bounding_boxes/latch: False
 * /darknet_ros/publishers/bounding_boxes/queue_size: 1
 * /darknet_ros/publishers/bounding_boxes/topic: /darknet_ros/boun...
 * /darknet_ros/publishers/detection_image/latch: True
 * /darknet_ros/publishers/detection_image/queue_size: 1
 * /darknet_ros/publishers/detection_image/topic: /darknet_ros/dete...
 * /darknet_ros/publishers/object_detector/latch: False
 * /darknet_ros/publishers/object_detector/queue_size: 1
 * /darknet_ros/publishers/object_detector/topic: /darknet_ros/foun...
 * /darknet_ros/subscribers/camera_reading/queue_size: 1
 * /darknet_ros/subscribers/camera_reading/topic: /camera/rgb/image...
 * /darknet_ros/weights_path: /home/ringo/selfD...
 * /darknet_ros/yolo_model/config_file/name: yolov2.cfg
 * /darknet_ros/yolo_model/detection_classes/names: ['person', 'bicyc...
 * /darknet_ros/yolo_model/threshold/value: 0.5
 * /darknet_ros/yolo_model/weight_file/name: yolov2.weights
 * /rosdistro: melodic
 * /rosversion: 1.14.3

NODES
  /
    darknet_ros (darknet_ros/darknet_ros)

[ROSTEST]setup[/home/ringo/selfDrive_ws/src/darknet_ros/darknet_ros/test/object_detection.test] run_id[73af8aee-55ef-11ea-bbee-309c238d1221] done
[ROSTEST]Running test [darknet_ros_object_detection]
&amp;#x001B;[1mROS_MASTER_URI=http://RinGO-msi:37617/&amp;#x001B;[0m
&amp;#x001B;[1msetting /run_id to 73af8aee-55ef-11ea-bbee-309c238d1221&amp;#x001B;[0m
&amp;#x001B;[1mprocess[darknet_ros-1]: started with pid [25621]&amp;#x001B;[0m
[ROSTEST]running test darknet_ros_object_detection
&amp;#x001B;[1mprocess[darknet_ros_object_detection-2]: started with pid [25622]&amp;#x001B;[0m
[ROSTEST]test [darknet_ros_object_detection] finished
[ROSTEST]test [darknet_ros_object_detection] results are in [/home/ringo/selfDrive_ws/build/darknet_ros/test_results/darknet_ros/rosunit-darknet_ros_object_detection.xml]
[ROSTEST]test [darknet_ros_object_detection] results summary: 0 errors, 1 failures, 3 tests
[ROSTEST][ROSTEST] test [darknet_ros_object_detection] done
[ROSTEST]tearDown[/home/ringo/selfDrive_ws/src/darknet_ros/darknet_ros/test/object_detection.test]
shutting down processing monitor...
[darknet_ros-1] killing on exit
... shutting down processing monitor complete
[ROSTEST]rostest teardown /home/ringo/selfDrive_ws/src/darknet_ros/darknet_ros/test/object_detection.test complete

]]&gt;</system-out><system-err>&lt;![CDATA[
&amp;#x001B;[31m[darknet_ros_object_detection-2] process has died [pid 25622, exit code 1, cmd /home/ringo/selfDrive_ws/devel/.private/darknet_ros/lib/darknet_ros/darknet_ros_object_detection-test --gtest_output=xml:/home/ringo/selfDrive_ws/build/darknet_ros/test_results/darknet_ros/rosunit-darknet_ros_object_detection.xml __name:=darknet_ros_object_detection __log:=/home/ringo/.ros/log/73af8aee-55ef-11ea-bbee-309c238d1221/darknet_ros_object_detection-2.log].
log file: /home/ringo/.ros/log/73af8aee-55ef-11ea-bbee-309c238d1221/darknet_ros_object_detection-2*.log&amp;#x001B;[0m

]]&gt;</system-err></testsuite>